0 info it worked if it ends with ok
1 verbose cli [ '/usr/bin/node', '/usr/bin/npm', 'start' ]
2 info using npm@3.5.2
3 info using node@v8.10.0
4 verbose run-script [ 'prestart', 'start', 'poststart' ]
5 info lifecycle react-boilerplate@1.0.0~prestart: react-boilerplate@1.0.0
6 silly lifecycle react-boilerplate@1.0.0~prestart: no script for prestart, continuing
7 info lifecycle react-boilerplate@1.0.0~start: react-boilerplate@1.0.0
8 verbose lifecycle react-boilerplate@1.0.0~start: unsafe-perm in lifecycle true
9 verbose lifecycle react-boilerplate@1.0.0~start: PATH: /usr/share/npm/bin/node-gyp-bin:/mnt/c/Users/spenc/OneDrive/Documents/Fall 2018/364D/react-boilerplate/node_modules/.bin:/home/spenceryue/bin:/home/spenceryue/.local/bin:/usr/local/sbin:/usr/local/bin:/usr/sbin:/usr/bin:/sbin:/bin:/usr/games:/usr/local/games:/mnt/c/Program Files (x86)/Common Files/Oracle/Java/javapath_target_951149765:/mnt/c/ProgramData/Oracle/Java/javapath_target_528575218:/mnt/c/ProgramData/Oracle/Java/javapath_target_528575218:/mnt/c/Program Files/ImageMagick-7.0.6-Q16:/mnt/c/Program Files (x86)/Intel/iCLS Client:/mnt/c/Program Files/Intel/iCLS Client:/mnt/c/Windows/System32:/mnt/c/Windows:/mnt/c/Windows/System32/wbem:/mnt/c/Windows/System32/WindowsPowerShell/v1.0:/mnt/c/Program Files (x86)/Intel/Intel(R) Management Engine Components/DAL:/mnt/c/Program Files/Intel/Intel(R) Management Engine Components/DAL:/mnt/c/Program Files (x86)/Intel/Intel(R) Management Engine Components/IPT:/mnt/c/Program Files/Intel/Intel(R) Management Engine Components/IPT:/mnt/c/Program Files/Sublime Text 3:/mnt/c/Program Files/MATLAB/R2017a/runtime/win64:/mnt/c/Program Files/MATLAB/R2017a/bin:/mnt/c/Windows/System32:/mnt/c/Windows:/mnt/c/Windows/System32/wbem:/mnt/c/Windows/System32/WindowsPowerShell/v1.0:/mnt/c/Program Files (x86)/NVIDIA Corporation/PhysX/Common:/mnt/c/Users/spenc/.dnx/bin:/mnt/c/Program Files/Microsoft DNX/Dnvm:/mnt/c/Program Files/Microsoft SQL Server/130/Tools/Binn:/mnt/c/Program Files (x86)/Microsoft Visual Studio 14.0/VC/bin:/mnt/c/Program Files (x86)/Microsoft Visual Studio 14.0/VC:/mnt/c/opencv/build/x64/vc14/bin:/mnt/c/Program Files (x86)/Windows Kits/10/Windows Performance Toolkit:/mnt/c/Program Files/Intel/WiFi/bin:/mnt/c/Program Files/Common Files/Intel/WirelessCommon:/mnt/c/mingw64/bin:/mnt/c/Program Files/MiKTeX 2.9/miktex/bin/x64:/mnt/c/Program Files/SumatraPDF:/mnt/c/Program Files/PuTTY:/mnt/c/Users/spenc/Anaconda3:/mnt/c/Users/spenc/Anaconda3/Scripts:/mnt/c/Program Files/nodejs:/mnt/c/mingw_dev_lib/bin:/mnt/c/Program Files/Java/jdk1.8.0_144/bin:/mnt/c/Program Files/Git LFS:/mnt/c/Windows/System32:/mnt/c/Windows:/mnt/c/Windows/System32/wbem:/mnt/c/Windows/System32/WindowsPowerShell/v1.0:/mnt/c/Windows/System32/OpenSSH:/mnt/c/Program Files/Microsoft SQL Server/110/Tools/Binn:/mnt/c/Program Files (x86)/Microsoft SDKs/TypeScript/1.0:/mnt/c/Program Files/MATLAB/R2013b/bin:/mnt/c/Program Files/Git/cmd:/mnt/c/Program Files/CMake/bin:/mnt/c/Program Files/Ninja:/mnt/c/LLVM/bin:/mnt/c/Program Files/NVIDIA GPU Computing Toolkit/CUDA/v9.0/bin:/mnt/c/Program Files (x86)/Yarn/bin:/mnt/c/Users/spenc/.dnx/bin:/mnt/c/Users/spenc/AppData/Local/Microsoft/WindowsApps:/mnt/c/Users/spenc/AppData/Roaming/npm:/mnt/c/Users/spenc/AppData/Local/GitHubDesktop/bin:/mnt/c/Program Files/Intel/WiFi/bin:/mnt/c/Program Files/Common Files/Intel/WirelessCommon:/snap/bin:/mnt/c/Users/spenc/OneDrive/Documents/Fall 2017/461S/OSF17project-george_hari_spencer/utils:/mnt/c/Users/spenc/emsdk:/mnt/c/Users/spenc/emsdk/clang/e1.37.22_64bit:/mnt/c/Users/spenc/emsdk/node/4.1.1_64bit/bin:/mnt/c/Users/spenc/emsdk/emscripten/1.37.22:/mnt/c/Users/spenc/OneDrive/Documents/Winter 2017/hackerrank/lib/:/home/spenceryue/.custom
10 verbose lifecycle react-boilerplate@1.0.0~start: CWD: /mnt/c/Users/spenc/OneDrive/Documents/Fall 2018/364D/react-boilerplate
11 silly lifecycle react-boilerplate@1.0.0~start: Args: [ '-c', 'node start.js' ]
12 silly lifecycle react-boilerplate@1.0.0~start: Returned: code: 1  signal: null
13 info lifecycle react-boilerplate@1.0.0~start: Failed to exec start script
14 verbose stack Error: react-boilerplate@1.0.0 start: `node start.js`
14 verbose stack Exit status 1
14 verbose stack     at EventEmitter.<anonymous> (/usr/share/npm/lib/utils/lifecycle.js:232:16)
14 verbose stack     at emitTwo (events.js:126:13)
14 verbose stack     at EventEmitter.emit (events.js:214:7)
14 verbose stack     at ChildProcess.<anonymous> (/usr/share/npm/lib/utils/spawn.js:24:14)
14 verbose stack     at emitTwo (events.js:126:13)
14 verbose stack     at ChildProcess.emit (events.js:214:7)
14 verbose stack     at maybeClose (internal/child_process.js:925:16)
14 verbose stack     at Process.ChildProcess._handle.onexit (internal/child_process.js:209:5)
15 verbose pkgid react-boilerplate@1.0.0
16 verbose cwd /mnt/c/Users/spenc/OneDrive/Documents/Fall 2018/364D/react-boilerplate
17 error Linux 4.4.0-17134-Microsoft
18 error argv "/usr/bin/node" "/usr/bin/npm" "start"
19 error node v8.10.0
20 error npm  v3.5.2
21 error code ELIFECYCLE
22 error react-boilerplate@1.0.0 start: `node start.js`
22 error Exit status 1
23 error Failed at the react-boilerplate@1.0.0 start script 'node start.js'.
23 error Make sure you have the latest version of node.js and npm installed.
23 error If you do, this is most likely a problem with the react-boilerplate package,
23 error not with npm itself.
23 error Tell the author that this fails on your system:
23 error     node start.js
23 error You can get information on how to open an issue for this project with:
23 error     npm bugs react-boilerplate
23 error Or if that isn't available, you can get their info via:
23 error     npm owner ls react-boilerplate
23 error There is likely additional logging output above.
24 verbose exit [ 1, true ]
